Flow report for regfile
Tue Jun 18 12:22:22 2019
Quartus II 64-Bit Version 13.1.0 Build 162 10/23/2013 SJ Full Version


---------------------
; Table of Contents ;
---------------------
  1. Legal Notice
  2. Flow Summary
  3. Flow Settings
  4. Flow Non-Default Global Settings
  5. Flow Elapsed Time
  6. Flow OS Summary
  7. Flow Log
  8. Flow Messages
  9. Flow Suppressed Messages



----------------
; Legal Notice ;
----------------
Copyright (C) 1991-2013 Altera Corporation
Your use of Altera Corporation's design tools, logic functions 
and other software and tools, and its AMPP partner logic 
functions, and any output files from any of the foregoing 
(including device programming or simulation files), and any 
associated documentation or information are expressly subject 
to the terms and conditions of the Altera Program License 
Subscription Agreement, Altera MegaCore Function License 
Agreement, or other applicable license agreement, including, 
without limitation, that your use is for the sole purpose of 
programming logic devices manufactured by Altera and sold by 
Altera or its authorized distributors.  Please refer to the 
applicable agreement for further details.



+----------------------------------------------------------------------------------+
; Flow Summary                                                                     ;
+------------------------------------+---------------------------------------------+
; Flow Status                        ; Successful - Tue Jun 18 12:22:22 2019       ;
; Quartus II 64-Bit Version          ; 13.1.0 Build 162 10/23/2013 SJ Full Version ;
; Revision Name                      ; regfile                                     ;
; Top-level Entity Name              ; regfile                                     ;
; Family                             ; Cyclone IV E                                ;
; Device                             ; EP4CE30F23C8                                ;
; Timing Models                      ; Final                                       ;
; Total logic elements               ; 68 / 28,848 ( < 1 % )                       ;
;     Total combinational functions  ; 68 / 28,848 ( < 1 % )                       ;
;     Dedicated logic registers      ; 64 / 28,848 ( < 1 % )                       ;
; Total registers                    ; 64                                          ;
; Total pins                         ; 55 / 329 ( 17 % )                           ;
; Total virtual pins                 ; 0                                           ;
; Total memory bits                  ; 0 / 608,256 ( 0 % )                         ;
; Embedded Multiplier 9-bit elements ; 0 / 132 ( 0 % )                             ;
; Total PLLs                         ; 0 / 4 ( 0 % )                               ;
+------------------------------------+---------------------------------------------+


+-----------------------------------------+
; Flow Settings                           ;
+-------------------+---------------------+
; Option            ; Setting             ;
+-------------------+---------------------+
; Start date & time ; 06/18/2019 12:21:47 ;
; Main task         ; Compilation         ;
; Revision Name     ; regfile             ;
+-------------------+---------------------+


+--------------------------------------------------------------------------------------------------------------------------------+
; Flow Non-Default Global Settings                                                                                               ;
+--------------------------------------------+------------------------------+---------------+-------------+----------------------+
; Assignment Name                            ; Value                        ; Default Value ; Entity Name ; Section Id           ;
+--------------------------------------------+------------------------------+---------------+-------------+----------------------+
; COMPILER_SIGNATURE_ID                      ; 150670734772.156083170713388 ; --            ; --          ; --                   ;
; EDA_DESIGN_ENTRY_SYNTHESIS_TOOL            ; Design Compiler              ; <None>        ; --          ; --                   ;
; EDA_INCLUDE_VHDL_CONFIGURATION_DECLARATION ; On                           ; --            ; --          ; eda_timing_analysis  ;
; EDA_INPUT_VCC_NAME                         ; Vdd                          ; --            ; --          ; eda_design_synthesis ;
; EDA_LMF_FILE                               ; altsyn.lmf                   ; --            ; --          ; eda_design_synthesis ;
; EDA_OUTPUT_DATA_FORMAT                     ; Vhdl                         ; --            ; --          ; eda_timing_analysis  ;
; EDA_TIMING_ANALYSIS_TOOL                   ; PrimeTime (VHDL)             ; <None>        ; --          ; --                   ;
; MAX_CORE_JUNCTION_TEMP                     ; 85                           ; --            ; --          ; --                   ;
; MIN_CORE_JUNCTION_TEMP                     ; 0                            ; --            ; --          ; --                   ;
; PARTITION_COLOR                            ; 16764057                     ; --            ; --          ; Top                  ;
; PARTITION_FITTER_PRESERVATION_LEVEL        ; PLACEMENT_AND_ROUTING        ; --            ; --          ; Top                  ;
; PARTITION_NETLIST_TYPE                     ; SOURCE                       ; --            ; --          ; Top                  ;
+--------------------------------------------+------------------------------+---------------+-------------+----------------------+


+-------------------------------------------------------------------------------------------------------------------------------+
; Flow Elapsed Time                                                                                                             ;
+---------------------------+--------------+-------------------------+---------------------+------------------------------------+
; Module Name               ; Elapsed Time ; Average Processors Used ; Peak Virtual Memory ; Total CPU Time (on all processors) ;
+---------------------------+--------------+-------------------------+---------------------+------------------------------------+
; Analysis & Synthesis      ; 00:00:04     ; 1.0                     ; 502 MB              ; 00:00:03                           ;
; Fitter                    ; 00:00:14     ; 1.1                     ; 993 MB              ; 00:00:14                           ;
; Assembler                 ; 00:00:03     ; 1.0                     ; 461 MB              ; 00:00:03                           ;
; TimeQuest Timing Analyzer ; 00:00:03     ; 1.0                     ; 519 MB              ; 00:00:03                           ;
; EDA Netlist Writer        ; 00:00:01     ; 1.0                     ; 399 MB              ; 00:00:01                           ;
; Total                     ; 00:00:25     ; --                      ; --                  ; 00:00:24                           ;
+---------------------------+--------------+-------------------------+---------------------+------------------------------------+


+----------------------------------------------------------------------------------------+
; Flow OS Summary                                                                        ;
+---------------------------+------------------+-----------+------------+----------------+
; Module Name               ; Machine Hostname ; OS Name   ; OS Version ; Processor type ;
+---------------------------+------------------+-----------+------------+----------------+
; Analysis & Synthesis      ; YuYanli-PC       ; Windows 7 ; 6.1        ; x86_64         ;
; Fitter                    ; YuYanli-PC       ; Windows 7 ; 6.1        ; x86_64         ;
; Assembler                 ; YuYanli-PC       ; Windows 7 ; 6.1        ; x86_64         ;
; TimeQuest Timing Analyzer ; YuYanli-PC       ; Windows 7 ; 6.1        ; x86_64         ;
; EDA Netlist Writer        ; YuYanli-PC       ; Windows 7 ; 6.1        ; x86_64         ;
+---------------------------+------------------+-----------+------------+----------------+


------------
; Flow Log ;
------------
quartus_map --read_settings_files=on --write_settings_files=off regfile -c regfile
quartus_fit --read_settings_files=off --write_settings_files=off regfile -c regfile
quartus_asm --read_settings_files=off --write_settings_files=off regfile -c regfile
quartus_sta regfile -c regfile
quartus_eda --read_settings_files=off --write_settings_files=off regfile -c regfile



