Timing Analyzer report for regfile
Mon Mar 10 16:42:58 2008
Version 5.0 Build 148 04/26/2005 SJ Full Version


---------------------
; Table of Contents ;
---------------------
  1. Legal Notice
  2. Timing Analyzer Summary
  3. Timing Analyzer Settings
  4. Clock Settings Summary
  5. tsu
  6. tco
  7. tpd
  8. th
  9. Timing Analyzer Messages



----------------
; Legal Notice ;
----------------
Copyright (C) 1991-2005 Altera Corporation
Your use of Altera Corporation's design tools, logic functions 
and other software and tools, and its AMPP partner logic       
functions, and any output files any of the foregoing           
(including device programming or simulation files), and any    
associated documentation or information are expressly subject  
to the terms and conditions of the Altera Program License      
Subscription Agreement, Altera MegaCore Function License       
Agreement, or other applicable license agreement, including,   
without limitation, that your use is for the sole purpose of   
programming logic devices manufactured by Altera and sold by   
Altera or its authorized distributors.  Please refer to the    
applicable agreement for further details.



+------------------------------------------------------------------------------------------------------------------------------------------------+
; Timing Analyzer Summary                                                                                                                        ;
+------------------------------+-------+---------------+-------------+-----------------+------------------+------------+----------+--------------+
; Type                         ; Slack ; Required Time ; Actual Time ; From            ; To               ; From Clock ; To Clock ; Failed Paths ;
+------------------------------+-------+---------------+-------------+-----------------+------------------+------------+----------+--------------+
; Worst-case tsu               ; N/A   ; None          ; 9.073 ns    ; DR[1]           ; reg:Areg03|Q[15] ;            ; clk      ; 0            ;
; Worst-case tco               ; N/A   ; None          ; 12.896 ns   ; reg:Areg01|Q[5] ; SR_data[5]       ; clk        ;          ; 0            ;
; Worst-case tpd               ; N/A   ; None          ; 16.360 ns   ; SR[1]           ; SR_data[11]      ;            ;          ; 0            ;
; Worst-case th                ; N/A   ; None          ; -3.712 ns   ; d_input[8]      ; reg:Areg02|Q[8]  ;            ; clk      ; 0            ;
; Total number of failed paths ;       ;               ;             ;                 ;                  ;            ;          ; 0            ;
+------------------------------+-------+---------------+-------------+-----------------+------------------+------------+----------+--------------+


+------------------------------------------------------------------------------------------------------+
; Timing Analyzer Settings                                                                             ;
+-------------------------------------------------------+--------------------+------+----+-------------+
; Option                                                ; Setting            ; From ; To ; Entity Name ;
+-------------------------------------------------------+--------------------+------+----+-------------+
; Device Name                                           ; EP1C6Q240C8        ;      ;    ;             ;
; Timing Models                                         ; Final              ;      ;    ;             ;
; Number of source nodes to report per destination node ; 10                 ;      ;    ;             ;
; Number of destination nodes to report                 ; 10                 ;      ;    ;             ;
; Number of paths to report                             ; 200                ;      ;    ;             ;
; Report Minimum Timing Checks                          ; Off                ;      ;    ;             ;
; Use Fast Timing Models                                ; Off                ;      ;    ;             ;
; Report IO Paths Separately                            ; Off                ;      ;    ;             ;
; Default hold multicycle                               ; Same as Multicycle ;      ;    ;             ;
; Cut paths between unrelated clock domains             ; On                 ;      ;    ;             ;
; Cut off read during write signal paths                ; On                 ;      ;    ;             ;
; Cut off feedback from I/O pins                        ; On                 ;      ;    ;             ;
; Report Combined Fast/Slow Timing                      ; Off                ;      ;    ;             ;
; Ignore Clock Settings                                 ; Off                ;      ;    ;             ;
; Analyze latches as synchronous elements               ; Off                ;      ;    ;             ;
; Enable Recovery/Removal analysis                      ; Off                ;      ;    ;             ;
; Enable Clock Latency                                  ; Off                ;      ;    ;             ;
+-------------------------------------------------------+--------------------+------+----+-------------+


+------------------------------------------------------------------------------------------------------------------------------------------------------------------------------------+
; Clock Settings Summary                                                                                                                                                             ;
+-----------------+--------------------+----------+------------------+---------------+--------------+----------+-----------------------+---------------------+--------+--------------+
; Clock Node Name ; Clock Setting Name ; Type     ; Fmax Requirement ; Early Latency ; Late Latency ; Based on ; Multiply Base Fmax by ; Divide Base Fmax by ; Offset ; Phase offset ;
+-----------------+--------------------+----------+------------------+---------------+--------------+----------+-----------------------+---------------------+--------+--------------+
; clk             ;                    ; User Pin ; NONE             ; 0.000 ns      ; 0.000 ns     ; NONE     ; N/A                   ; N/A                 ; N/A    ;              ;
+-----------------+--------------------+----------+------------------+---------------+--------------+----------+-----------------------+---------------------+--------+--------------+


+-------------------------------------------------------------------------------------------------------------------------------------------------------+
; tsu                                                                                                                                                   ;
+-----------------------------------------+-----------------------------------------------------+------------+------------+------------------+----------+
; Slack                                   ; Required tsu                                        ; Actual tsu ; From       ; To               ; To Clock ;
+-----------------------------------------+-----------------------------------------------------+------------+------------+------------------+----------+
; N/A                                     ; None                                                ; 9.073 ns   ; DR[1]      ; reg:Areg03|Q[15] ; clk      ;
; N/A                                     ; None                                                ; 8.760 ns   ; DR[1]      ; reg:Areg03|Q[0]  ; clk      ;
; N/A                                     ; None                                                ; 8.760 ns   ; DR[1]      ; reg:Areg03|Q[14] ; clk      ;
; N/A                                     ; None                                                ; 8.757 ns   ; DR[1]      ; reg:Areg03|Q[6]  ; clk      ;
; N/A                                     ; None                                                ; 8.757 ns   ; DR[1]      ; reg:Areg03|Q[8]  ; clk      ;
; N/A                                     ; None                                                ; 8.757 ns   ; DR[1]      ; reg:Areg03|Q[10] ; clk      ;
; N/A                                     ; None                                                ; 8.757 ns   ; DR[1]      ; reg:Areg03|Q[12] ; clk      ;
; N/A                                     ; None                                                ; 8.717 ns   ; DRWr       ; reg:Areg03|Q[15] ; clk      ;
; N/A                                     ; None                                                ; 8.502 ns   ; DR[0]      ; reg:Areg03|Q[15] ; clk      ;
; N/A                                     ; None                                                ; 8.404 ns   ; DRWr       ; reg:Areg03|Q[0]  ; clk      ;
; N/A                                     ; None                                                ; 8.404 ns   ; DRWr       ; reg:Areg03|Q[14] ; clk      ;
; N/A                                     ; None                                                ; 8.401 ns   ; DRWr       ; reg:Areg03|Q[6]  ; clk      ;
; N/A                                     ; None                                                ; 8.401 ns   ; DRWr       ; reg:Areg03|Q[8]  ; clk      ;
; N/A                                     ; None                                                ; 8.401 ns   ; DRWr       ; reg:Areg03|Q[10] ; clk      ;
; N/A                                     ; None                                                ; 8.401 ns   ; DRWr       ; reg:Areg03|Q[12] ; clk      ;
; N/A                                     ; None                                                ; 8.298 ns   ; DR[1]      ; reg:Areg01|Q[4]  ; clk      ;
; N/A                                     ; None                                                ; 8.189 ns   ; DR[0]      ; reg:Areg03|Q[0]  ; clk      ;
; N/A                                     ; None                                                ; 8.189 ns   ; DR[0]      ; reg:Areg03|Q[14] ; clk      ;
; N/A                                     ; None                                                ; 8.186 ns   ; DR[0]      ; reg:Areg03|Q[6]  ; clk      ;
; N/A                                     ; None                                                ; 8.186 ns   ; DR[0]      ; reg:Areg03|Q[8]  ; clk      ;
; N/A                                     ; None                                                ; 8.186 ns   ; DR[0]      ; reg:Areg03|Q[10] ; clk      ;
; N/A                                     ; None                                                ; 8.186 ns   ; DR[0]      ; reg:Areg03|Q[12] ; clk      ;
; N/A                                     ; None                                                ; 8.013 ns   ; DR[1]      ; reg:Areg03|Q[7]  ; clk      ;
; N/A                                     ; None                                                ; 8.013 ns   ; DR[1]      ; reg:Areg03|Q[13] ; clk      ;
; N/A                                     ; None                                                ; 7.999 ns   ; DR[1]      ; reg:Areg01|Q[9]  ; clk      ;
; N/A                                     ; None                                                ; 7.999 ns   ; DR[1]      ; reg:Areg01|Q[11] ; clk      ;
; N/A                                     ; None                                                ; 7.999 ns   ; DR[1]      ; reg:Areg01|Q[13] ; clk      ;
; N/A                                     ; None                                                ; 7.999 ns   ; DR[1]      ; reg:Areg01|Q[15] ; clk      ;
; N/A                                     ; None                                                ; 7.941 ns   ; DRWr       ; reg:Areg01|Q[4]  ; clk      ;
; N/A                                     ; None                                                ; 7.881 ns   ; DR[1]      ; reg:Areg03|Q[1]  ; clk      ;
; N/A                                     ; None                                                ; 7.881 ns   ; DR[1]      ; reg:Areg03|Q[2]  ; clk      ;
; N/A                                     ; None                                                ; 7.881 ns   ; DR[1]      ; reg:Areg03|Q[3]  ; clk      ;
; N/A                                     ; None                                                ; 7.881 ns   ; DR[1]      ; reg:Areg03|Q[4]  ; clk      ;
; N/A                                     ; None                                                ; 7.863 ns   ; DR[1]      ; reg:Areg01|Q[2]  ; clk      ;
; N/A                                     ; None                                                ; 7.863 ns   ; DR[1]      ; reg:Areg01|Q[6]  ; clk      ;
; N/A                                     ; None                                                ; 7.863 ns   ; DR[1]      ; reg:Areg01|Q[8]  ; clk      ;
; N/A                                     ; None                                                ; 7.863 ns   ; DR[1]      ; reg:Areg01|Q[10] ; clk      ;
; N/A                                     ; None                                                ; 7.863 ns   ; DR[1]      ; reg:Areg01|Q[12] ; clk      ;
; N/A                                     ; None                                                ; 7.727 ns   ; DR[0]      ; reg:Areg01|Q[4]  ; clk      ;
; N/A                                     ; None                                                ; 7.711 ns   ; DR[1]      ; reg:Areg00|Q[0]  ; clk      ;
; N/A                                     ; None                                                ; 7.711 ns   ; DR[1]      ; reg:Areg00|Q[1]  ; clk      ;
; N/A                                     ; None                                                ; 7.711 ns   ; DR[1]      ; reg:Areg00|Q[2]  ; clk      ;
; N/A                                     ; None                                                ; 7.711 ns   ; DR[1]      ; reg:Areg00|Q[3]  ; clk      ;
; N/A                                     ; None                                                ; 7.711 ns   ; DR[1]      ; reg:Areg00|Q[4]  ; clk      ;
; N/A                                     ; None                                                ; 7.711 ns   ; DR[1]      ; reg:Areg00|Q[5]  ; clk      ;
; N/A                                     ; None                                                ; 7.657 ns   ; DRWr       ; reg:Areg03|Q[7]  ; clk      ;
; N/A                                     ; None                                                ; 7.657 ns   ; DRWr       ; reg:Areg03|Q[13] ; clk      ;
; N/A                                     ; None                                                ; 7.642 ns   ; DRWr       ; reg:Areg01|Q[9]  ; clk      ;
; N/A                                     ; None                                                ; 7.642 ns   ; DRWr       ; reg:Areg01|Q[11] ; clk      ;
; N/A                                     ; None                                                ; 7.642 ns   ; DRWr       ; reg:Areg01|Q[13] ; clk      ;
; N/A                                     ; None                                                ; 7.642 ns   ; DRWr       ; reg:Areg01|Q[15] ; clk      ;
; N/A                                     ; None                                                ; 7.525 ns   ; DRWr       ; reg:Areg03|Q[1]  ; clk      ;
; N/A                                     ; None                                                ; 7.525 ns   ; DRWr       ; reg:Areg03|Q[2]  ; clk      ;
; N/A                                     ; None                                                ; 7.525 ns   ; DRWr       ; reg:Areg03|Q[3]  ; clk      ;
; N/A                                     ; None                                                ; 7.525 ns   ; DRWr       ; reg:Areg03|Q[4]  ; clk      ;
; N/A                                     ; None                                                ; 7.506 ns   ; DRWr       ; reg:Areg01|Q[2]  ; clk      ;
; N/A                                     ; None                                                ; 7.506 ns   ; DRWr       ; reg:Areg01|Q[6]  ; clk      ;
; N/A                                     ; None                                                ; 7.506 ns   ; DRWr       ; reg:Areg01|Q[8]  ; clk      ;
; N/A                                     ; None                                                ; 7.506 ns   ; DRWr       ; reg:Areg01|Q[10] ; clk      ;
; N/A                                     ; None                                                ; 7.506 ns   ; DRWr       ; reg:Areg01|Q[12] ; clk      ;
; N/A                                     ; None                                                ; 7.486 ns   ; DR[1]      ; reg:Areg03|Q[5]  ; clk      ;
; N/A                                     ; None                                                ; 7.486 ns   ; DR[1]      ; reg:Areg03|Q[9]  ; clk      ;
; N/A                                     ; None                                                ; 7.486 ns   ; DR[1]      ; reg:Areg03|Q[11] ; clk      ;
; N/A                                     ; None                                                ; 7.442 ns   ; DR[0]      ; reg:Areg03|Q[7]  ; clk      ;
; N/A                                     ; None                                                ; 7.442 ns   ; DR[0]      ; reg:Areg03|Q[13] ; clk      ;
; N/A                                     ; None                                                ; 7.428 ns   ; DR[0]      ; reg:Areg01|Q[9]  ; clk      ;
; N/A                                     ; None                                                ; 7.428 ns   ; DR[0]      ; reg:Areg01|Q[11] ; clk      ;
; N/A                                     ; None                                                ; 7.428 ns   ; DR[0]      ; reg:Areg01|Q[13] ; clk      ;
; N/A                                     ; None                                                ; 7.428 ns   ; DR[0]      ; reg:Areg01|Q[15] ; clk      ;
; N/A                                     ; None                                                ; 7.351 ns   ; DR[1]      ; reg:Areg02|Q[1]  ; clk      ;
; N/A                                     ; None                                                ; 7.351 ns   ; DR[1]      ; reg:Areg02|Q[3]  ; clk      ;
; N/A                                     ; None                                                ; 7.351 ns   ; DR[1]      ; reg:Areg02|Q[5]  ; clk      ;
; N/A                                     ; None                                                ; 7.351 ns   ; DR[1]      ; reg:Areg02|Q[9]  ; clk      ;
; N/A                                     ; None                                                ; 7.351 ns   ; DR[1]      ; reg:Areg02|Q[11] ; clk      ;
; N/A                                     ; None                                                ; 7.342 ns   ; DR[1]      ; reg:Areg02|Q[0]  ; clk      ;
; N/A                                     ; None                                                ; 7.342 ns   ; DR[1]      ; reg:Areg02|Q[2]  ; clk      ;
; N/A                                     ; None                                                ; 7.342 ns   ; DR[1]      ; reg:Areg02|Q[4]  ; clk      ;
; N/A                                     ; None                                                ; 7.342 ns   ; DR[1]      ; reg:Areg02|Q[6]  ; clk      ;
; N/A                                     ; None                                                ; 7.342 ns   ; DR[1]      ; reg:Areg02|Q[8]  ; clk      ;
; N/A                                     ; None                                                ; 7.342 ns   ; DR[1]      ; reg:Areg02|Q[10] ; clk      ;
; N/A                                     ; None                                                ; 7.342 ns   ; DR[1]      ; reg:Areg02|Q[15] ; clk      ;
; N/A                                     ; None                                                ; 7.310 ns   ; DR[0]      ; reg:Areg03|Q[1]  ; clk      ;
; N/A                                     ; None                                                ; 7.310 ns   ; DR[0]      ; reg:Areg03|Q[2]  ; clk      ;
; N/A                                     ; None                                                ; 7.310 ns   ; DR[0]      ; reg:Areg03|Q[3]  ; clk      ;
; N/A                                     ; None                                                ; 7.310 ns   ; DR[0]      ; reg:Areg03|Q[4]  ; clk      ;
; N/A                                     ; None                                                ; 7.292 ns   ; DR[0]      ; reg:Areg01|Q[2]  ; clk      ;
; N/A                                     ; None                                                ; 7.292 ns   ; DR[0]      ; reg:Areg01|Q[6]  ; clk      ;
; N/A                                     ; None                                                ; 7.292 ns   ; DR[0]      ; reg:Areg01|Q[8]  ; clk      ;
; N/A                                     ; None                                                ; 7.292 ns   ; DR[0]      ; reg:Areg01|Q[10] ; clk      ;
; N/A                                     ; None                                                ; 7.292 ns   ; DR[0]      ; reg:Areg01|Q[12] ; clk      ;
; N/A                                     ; None                                                ; 7.276 ns   ; DR[1]      ; reg:Areg02|Q[7]  ; clk      ;
; N/A                                     ; None                                                ; 7.276 ns   ; DR[1]      ; reg:Areg02|Q[12] ; clk      ;
; N/A                                     ; None                                                ; 7.276 ns   ; DR[1]      ; reg:Areg02|Q[14] ; clk      ;
; N/A                                     ; None                                                ; 7.268 ns   ; DR[1]      ; reg:Areg00|Q[6]  ; clk      ;
; N/A                                     ; None                                                ; 7.268 ns   ; DR[1]      ; reg:Areg00|Q[7]  ; clk      ;
; N/A                                     ; None                                                ; 7.268 ns   ; DR[1]      ; reg:Areg00|Q[8]  ; clk      ;
; N/A                                     ; None                                                ; 7.268 ns   ; DR[1]      ; reg:Areg00|Q[10] ; clk      ;
; N/A                                     ; None                                                ; 7.268 ns   ; DR[1]      ; reg:Areg00|Q[12] ; clk      ;
; N/A                                     ; None                                                ; 7.268 ns   ; DR[1]      ; reg:Areg00|Q[14] ; clk      ;
; N/A                                     ; None                                                ; 7.169 ns   ; DR[1]      ; reg:Areg01|Q[0]  ; clk      ;
; N/A                                     ; None                                                ; 7.169 ns   ; DR[1]      ; reg:Areg01|Q[1]  ; clk      ;
; N/A                                     ; None                                                ; 7.169 ns   ; DR[1]      ; reg:Areg01|Q[3]  ; clk      ;
; N/A                                     ; None                                                ; 7.169 ns   ; DR[1]      ; reg:Areg01|Q[5]  ; clk      ;
; N/A                                     ; None                                                ; 7.169 ns   ; DR[1]      ; reg:Areg01|Q[7]  ; clk      ;
; N/A                                     ; None                                                ; 7.169 ns   ; DR[1]      ; reg:Areg01|Q[14] ; clk      ;
; N/A                                     ; None                                                ; 7.157 ns   ; DRWr       ; reg:Areg00|Q[0]  ; clk      ;
; N/A                                     ; None                                                ; 7.157 ns   ; DRWr       ; reg:Areg00|Q[1]  ; clk      ;
; N/A                                     ; None                                                ; 7.157 ns   ; DRWr       ; reg:Areg00|Q[2]  ; clk      ;
; N/A                                     ; None                                                ; 7.157 ns   ; DRWr       ; reg:Areg00|Q[3]  ; clk      ;
; N/A                                     ; None                                                ; 7.157 ns   ; DRWr       ; reg:Areg00|Q[4]  ; clk      ;
; N/A                                     ; None                                                ; 7.157 ns   ; DRWr       ; reg:Areg00|Q[5]  ; clk      ;
; N/A                                     ; None                                                ; 7.130 ns   ; DRWr       ; reg:Areg03|Q[5]  ; clk      ;
; N/A                                     ; None                                                ; 7.130 ns   ; DRWr       ; reg:Areg03|Q[9]  ; clk      ;
; N/A                                     ; None                                                ; 7.130 ns   ; DRWr       ; reg:Areg03|Q[11] ; clk      ;
; N/A                                     ; None                                                ; 7.062 ns   ; DR[0]      ; reg:Areg00|Q[0]  ; clk      ;
; N/A                                     ; None                                                ; 7.062 ns   ; DR[0]      ; reg:Areg00|Q[1]  ; clk      ;
; N/A                                     ; None                                                ; 7.062 ns   ; DR[0]      ; reg:Areg00|Q[2]  ; clk      ;
; N/A                                     ; None                                                ; 7.062 ns   ; DR[0]      ; reg:Areg00|Q[3]  ; clk      ;
; N/A                                     ; None                                                ; 7.062 ns   ; DR[0]      ; reg:Areg00|Q[4]  ; clk      ;
; N/A                                     ; None                                                ; 7.062 ns   ; DR[0]      ; reg:Areg00|Q[5]  ; clk      ;
; N/A                                     ; None                                                ; 6.915 ns   ; DR[0]      ; reg:Areg03|Q[5]  ; clk      ;
; N/A                                     ; None                                                ; 6.915 ns   ; DR[0]      ; reg:Areg03|Q[9]  ; clk      ;
; N/A                                     ; None                                                ; 6.915 ns   ; DR[0]      ; reg:Areg03|Q[11] ; clk      ;
; N/A                                     ; None                                                ; 6.834 ns   ; DR[1]      ; reg:Areg02|Q[13] ; clk      ;
; N/A                                     ; None                                                ; 6.812 ns   ; DRWr       ; reg:Areg01|Q[0]  ; clk      ;
; N/A                                     ; None                                                ; 6.812 ns   ; DRWr       ; reg:Areg01|Q[1]  ; clk      ;
; N/A                                     ; None                                                ; 6.812 ns   ; DRWr       ; reg:Areg01|Q[3]  ; clk      ;
; N/A                                     ; None                                                ; 6.812 ns   ; DRWr       ; reg:Areg01|Q[5]  ; clk      ;
; N/A                                     ; None                                                ; 6.812 ns   ; DRWr       ; reg:Areg01|Q[7]  ; clk      ;
; N/A                                     ; None                                                ; 6.812 ns   ; DRWr       ; reg:Areg01|Q[14] ; clk      ;
; N/A                                     ; None                                                ; 6.801 ns   ; DRWr       ; reg:Areg02|Q[1]  ; clk      ;
; N/A                                     ; None                                                ; 6.801 ns   ; DRWr       ; reg:Areg02|Q[3]  ; clk      ;
; N/A                                     ; None                                                ; 6.801 ns   ; DRWr       ; reg:Areg02|Q[5]  ; clk      ;
; N/A                                     ; None                                                ; 6.801 ns   ; DRWr       ; reg:Areg02|Q[9]  ; clk      ;
; N/A                                     ; None                                                ; 6.801 ns   ; DRWr       ; reg:Areg02|Q[11] ; clk      ;
; N/A                                     ; None                                                ; 6.792 ns   ; DRWr       ; reg:Areg02|Q[0]  ; clk      ;
; N/A                                     ; None                                                ; 6.792 ns   ; DRWr       ; reg:Areg02|Q[2]  ; clk      ;
; N/A                                     ; None                                                ; 6.792 ns   ; DRWr       ; reg:Areg02|Q[4]  ; clk      ;
; N/A                                     ; None                                                ; 6.792 ns   ; DRWr       ; reg:Areg02|Q[6]  ; clk      ;
; N/A                                     ; None                                                ; 6.792 ns   ; DRWr       ; reg:Areg02|Q[8]  ; clk      ;
; N/A                                     ; None                                                ; 6.792 ns   ; DRWr       ; reg:Areg02|Q[10] ; clk      ;
; N/A                                     ; None                                                ; 6.792 ns   ; DRWr       ; reg:Areg02|Q[15] ; clk      ;
; N/A                                     ; None                                                ; 6.726 ns   ; DRWr       ; reg:Areg02|Q[7]  ; clk      ;
; N/A                                     ; None                                                ; 6.726 ns   ; DRWr       ; reg:Areg02|Q[12] ; clk      ;
; N/A                                     ; None                                                ; 6.726 ns   ; DRWr       ; reg:Areg02|Q[14] ; clk      ;
; N/A                                     ; None                                                ; 6.714 ns   ; DRWr       ; reg:Areg00|Q[6]  ; clk      ;
; N/A                                     ; None                                                ; 6.714 ns   ; DRWr       ; reg:Areg00|Q[7]  ; clk      ;
; N/A                                     ; None                                                ; 6.714 ns   ; DRWr       ; reg:Areg00|Q[8]  ; clk      ;
; N/A                                     ; None                                                ; 6.714 ns   ; DRWr       ; reg:Areg00|Q[10] ; clk      ;
; N/A                                     ; None                                                ; 6.714 ns   ; DRWr       ; reg:Areg00|Q[12] ; clk      ;
; N/A                                     ; None                                                ; 6.714 ns   ; DRWr       ; reg:Areg00|Q[14] ; clk      ;
; N/A                                     ; None                                                ; 6.714 ns   ; DR[0]      ; reg:Areg02|Q[1]  ; clk      ;
; N/A                                     ; None                                                ; 6.714 ns   ; DR[0]      ; reg:Areg02|Q[3]  ; clk      ;
; N/A                                     ; None                                                ; 6.714 ns   ; DR[0]      ; reg:Areg02|Q[5]  ; clk      ;
; N/A                                     ; None                                                ; 6.714 ns   ; DR[0]      ; reg:Areg02|Q[9]  ; clk      ;
; N/A                                     ; None                                                ; 6.714 ns   ; DR[0]      ; reg:Areg02|Q[11] ; clk      ;
; N/A                                     ; None                                                ; 6.705 ns   ; DR[0]      ; reg:Areg02|Q[0]  ; clk      ;
; N/A                                     ; None                                                ; 6.705 ns   ; DR[0]      ; reg:Areg02|Q[2]  ; clk      ;
; N/A                                     ; None                                                ; 6.705 ns   ; DR[0]      ; reg:Areg02|Q[4]  ; clk      ;
; N/A                                     ; None                                                ; 6.705 ns   ; DR[0]      ; reg:Areg02|Q[6]  ; clk      ;
; N/A                                     ; None                                                ; 6.705 ns   ; DR[0]      ; reg:Areg02|Q[8]  ; clk      ;
; N/A                                     ; None                                                ; 6.705 ns   ; DR[0]      ; reg:Areg02|Q[10] ; clk      ;
; N/A                                     ; None                                                ; 6.705 ns   ; DR[0]      ; reg:Areg02|Q[15] ; clk      ;
; N/A                                     ; None                                                ; 6.639 ns   ; DR[0]      ; reg:Areg02|Q[7]  ; clk      ;
; N/A                                     ; None                                                ; 6.639 ns   ; DR[0]      ; reg:Areg02|Q[12] ; clk      ;
; N/A                                     ; None                                                ; 6.639 ns   ; DR[0]      ; reg:Areg02|Q[14] ; clk      ;
; N/A                                     ; None                                                ; 6.619 ns   ; DR[0]      ; reg:Areg00|Q[6]  ; clk      ;
; N/A                                     ; None                                                ; 6.619 ns   ; DR[0]      ; reg:Areg00|Q[7]  ; clk      ;
; N/A                                     ; None                                                ; 6.619 ns   ; DR[0]      ; reg:Areg00|Q[8]  ; clk      ;
; N/A                                     ; None                                                ; 6.619 ns   ; DR[0]      ; reg:Areg00|Q[10] ; clk      ;
; N/A                                     ; None                                                ; 6.619 ns   ; DR[0]      ; reg:Areg00|Q[12] ; clk      ;
; N/A                                     ; None                                                ; 6.619 ns   ; DR[0]      ; reg:Areg00|Q[14] ; clk      ;
; N/A                                     ; None                                                ; 6.598 ns   ; DR[0]      ; reg:Areg01|Q[0]  ; clk      ;
; N/A                                     ; None                                                ; 6.598 ns   ; DR[0]      ; reg:Areg01|Q[1]  ; clk      ;
; N/A                                     ; None                                                ; 6.598 ns   ; DR[0]      ; reg:Areg01|Q[3]  ; clk      ;
; N/A                                     ; None                                                ; 6.598 ns   ; DR[0]      ; reg:Areg01|Q[5]  ; clk      ;
; N/A                                     ; None                                                ; 6.598 ns   ; DR[0]      ; reg:Areg01|Q[7]  ; clk      ;
; N/A                                     ; None                                                ; 6.598 ns   ; DR[0]      ; reg:Areg01|Q[14] ; clk      ;
; N/A                                     ; None                                                ; 6.558 ns   ; DR[1]      ; reg:Areg00|Q[9]  ; clk      ;
; N/A                                     ; None                                                ; 6.558 ns   ; DR[1]      ; reg:Areg00|Q[11] ; clk      ;
; N/A                                     ; None                                                ; 6.558 ns   ; DR[1]      ; reg:Areg00|Q[13] ; clk      ;
; N/A                                     ; None                                                ; 6.558 ns   ; DR[1]      ; reg:Areg00|Q[15] ; clk      ;
; N/A                                     ; None                                                ; 6.284 ns   ; DRWr       ; reg:Areg02|Q[13] ; clk      ;
; N/A                                     ; None                                                ; 6.197 ns   ; DR[0]      ; reg:Areg02|Q[13] ; clk      ;
; N/A                                     ; None                                                ; 6.092 ns   ; d_input[2] ; reg:Areg01|Q[2]  ; clk      ;
; N/A                                     ; None                                                ; 6.004 ns   ; DRWr       ; reg:Areg00|Q[9]  ; clk      ;
; N/A                                     ; None                                                ; 6.004 ns   ; DRWr       ; reg:Areg00|Q[11] ; clk      ;
; N/A                                     ; None                                                ; 6.004 ns   ; DRWr       ; reg:Areg00|Q[13] ; clk      ;
; N/A                                     ; None                                                ; 6.004 ns   ; DRWr       ; reg:Areg00|Q[15] ; clk      ;
; N/A                                     ; None                                                ; 5.909 ns   ; DR[0]      ; reg:Areg00|Q[9]  ; clk      ;
; N/A                                     ; None                                                ; 5.909 ns   ; DR[0]      ; reg:Areg00|Q[11] ; clk      ;
; N/A                                     ; None                                                ; 5.909 ns   ; DR[0]      ; reg:Areg00|Q[13] ; clk      ;
; N/A                                     ; None                                                ; 5.909 ns   ; DR[0]      ; reg:Areg00|Q[15] ; clk      ;
; N/A                                     ; None                                                ; 5.654 ns   ; d_input[0] ; reg:Areg02|Q[0]  ; clk      ;
; N/A                                     ; None                                                ; 5.627 ns   ; d_input[2] ; reg:Areg02|Q[2]  ; clk      ;
; N/A                                     ; None                                                ; 5.322 ns   ; d_input[1] ; reg:Areg02|Q[1]  ; clk      ;
; N/A                                     ; None                                                ; 5.285 ns   ; d_input[0] ; reg:Areg03|Q[0]  ; clk      ;
; N/A                                     ; None                                                ; 5.285 ns   ; d_input[0] ; reg:Areg01|Q[0]  ; clk      ;
; N/A                                     ; None                                                ; 5.275 ns   ; d_input[1] ; reg:Areg01|Q[1]  ; clk      ;
; N/A                                     ; None                                                ; 5.250 ns   ; d_input[0] ; reg:Areg00|Q[0]  ; clk      ;
; Timing analysis restricted to 200 rows. ; To change the limit use Settings (Assignments menu) ;            ;            ;                  ;          ;
+-----------------------------------------+-----------------------------------------------------+------------+------------+------------------+----------+


+---------------------------------------------------------------------------------+
; tco                                                                             ;
+-------+--------------+------------+------------------+-------------+------------+
; Slack ; Required tco ; Actual tco ; From             ; To          ; From Clock ;
+-------+--------------+------------+------------------+-------------+------------+
; N/A   ; None         ; 12.896 ns  ; reg:Areg01|Q[5]  ; SR_data[5]  ; clk        ;
; N/A   ; None         ; 12.506 ns  ; reg:Areg00|Q[7]  ; DR_data[7]  ; clk        ;
; N/A   ; None         ; 12.308 ns  ; reg:Areg00|Q[8]  ; DR_data[8]  ; clk        ;
; N/A   ; None         ; 12.118 ns  ; reg:Areg01|Q[7]  ; SR_data[7]  ; clk        ;
; N/A   ; None         ; 12.084 ns  ; reg:Areg00|Q[0]  ; DR_data[0]  ; clk        ;
; N/A   ; None         ; 11.980 ns  ; reg:Areg00|Q[2]  ; DR_data[2]  ; clk        ;
; N/A   ; None         ; 11.874 ns  ; reg:Areg00|Q[6]  ; DR_data[6]  ; clk        ;
; N/A   ; None         ; 11.833 ns  ; reg:Areg02|Q[0]  ; SR_data[0]  ; clk        ;
; N/A   ; None         ; 11.735 ns  ; reg:Areg02|Q[10] ; SR_data[10] ; clk        ;
; N/A   ; None         ; 11.712 ns  ; reg:Areg00|Q[13] ; DR_data[13] ; clk        ;
; N/A   ; None         ; 11.697 ns  ; reg:Areg00|Q[3]  ; DR_data[3]  ; clk        ;
; N/A   ; None         ; 11.682 ns  ; reg:Areg00|Q[10] ; DR_data[10] ; clk        ;
; N/A   ; None         ; 11.559 ns  ; reg:Areg01|Q[11] ; SR_data[11] ; clk        ;
; N/A   ; None         ; 11.492 ns  ; reg:Areg01|Q[9]  ; SR_data[9]  ; clk        ;
; N/A   ; None         ; 11.489 ns  ; reg:Areg02|Q[14] ; SR_data[14] ; clk        ;
; N/A   ; None         ; 11.363 ns  ; reg:Areg02|Q[8]  ; DR_data[8]  ; clk        ;
; N/A   ; None         ; 11.323 ns  ; reg:Areg00|Q[12] ; DR_data[12] ; clk        ;
; N/A   ; None         ; 11.295 ns  ; reg:Areg00|Q[14] ; DR_data[14] ; clk        ;
; N/A   ; None         ; 11.294 ns  ; reg:Areg00|Q[11] ; SR_data[11] ; clk        ;
; N/A   ; None         ; 11.260 ns  ; reg:Areg00|Q[5]  ; DR_data[5]  ; clk        ;
; N/A   ; None         ; 11.247 ns  ; reg:Areg02|Q[12] ; SR_data[12] ; clk        ;
; N/A   ; None         ; 11.230 ns  ; reg:Areg00|Q[9]  ; SR_data[9]  ; clk        ;
; N/A   ; None         ; 11.204 ns  ; reg:Areg00|Q[11] ; DR_data[11] ; clk        ;
; N/A   ; None         ; 11.194 ns  ; reg:Areg02|Q[10] ; DR_data[10] ; clk        ;
; N/A   ; None         ; 11.187 ns  ; reg:Areg00|Q[14] ; SR_data[14] ; clk        ;
; N/A   ; None         ; 11.176 ns  ; reg:Areg02|Q[6]  ; SR_data[6]  ; clk        ;
; N/A   ; None         ; 11.169 ns  ; reg:Areg01|Q[1]  ; SR_data[1]  ; clk        ;
; N/A   ; None         ; 11.168 ns  ; reg:Areg01|Q[7]  ; DR_data[7]  ; clk        ;
; N/A   ; None         ; 11.133 ns  ; reg:Areg00|Q[4]  ; DR_data[4]  ; clk        ;
; N/A   ; None         ; 11.107 ns  ; reg:Areg00|Q[7]  ; SR_data[7]  ; clk        ;
; N/A   ; None         ; 11.085 ns  ; reg:Areg02|Q[8]  ; SR_data[8]  ; clk        ;
; N/A   ; None         ; 11.067 ns  ; reg:Areg02|Q[0]  ; DR_data[0]  ; clk        ;
; N/A   ; None         ; 11.019 ns  ; reg:Areg02|Q[12] ; DR_data[12] ; clk        ;
; N/A   ; None         ; 11.015 ns  ; reg:Areg00|Q[9]  ; DR_data[9]  ; clk        ;
; N/A   ; None         ; 11.000 ns  ; reg:Areg01|Q[15] ; SR_data[15] ; clk        ;
; N/A   ; None         ; 10.985 ns  ; reg:Areg00|Q[12] ; SR_data[12] ; clk        ;
; N/A   ; None         ; 10.978 ns  ; reg:Areg02|Q[2]  ; SR_data[2]  ; clk        ;
; N/A   ; None         ; 10.977 ns  ; reg:Areg02|Q[4]  ; SR_data[4]  ; clk        ;
; N/A   ; None         ; 10.972 ns  ; reg:Areg01|Q[13] ; DR_data[13] ; clk        ;
; N/A   ; None         ; 10.970 ns  ; reg:Areg02|Q[6]  ; DR_data[6]  ; clk        ;
; N/A   ; None         ; 10.938 ns  ; reg:Areg01|Q[11] ; DR_data[11] ; clk        ;
; N/A   ; None         ; 10.929 ns  ; reg:Areg00|Q[10] ; SR_data[10] ; clk        ;
; N/A   ; None         ; 10.904 ns  ; reg:Areg00|Q[15] ; DR_data[15] ; clk        ;
; N/A   ; None         ; 10.882 ns  ; reg:Areg01|Q[4]  ; SR_data[4]  ; clk        ;
; N/A   ; None         ; 10.834 ns  ; reg:Areg00|Q[0]  ; SR_data[0]  ; clk        ;
; N/A   ; None         ; 10.822 ns  ; reg:Areg00|Q[5]  ; SR_data[5]  ; clk        ;
; N/A   ; None         ; 10.743 ns  ; reg:Areg00|Q[1]  ; DR_data[1]  ; clk        ;
; N/A   ; None         ; 10.728 ns  ; reg:Areg02|Q[14] ; DR_data[14] ; clk        ;
; N/A   ; None         ; 10.680 ns  ; reg:Areg00|Q[6]  ; SR_data[6]  ; clk        ;
; N/A   ; None         ; 10.677 ns  ; reg:Areg01|Q[3]  ; SR_data[3]  ; clk        ;
; N/A   ; None         ; 10.667 ns  ; reg:Areg02|Q[3]  ; SR_data[3]  ; clk        ;
; N/A   ; None         ; 10.662 ns  ; reg:Areg02|Q[2]  ; DR_data[2]  ; clk        ;
; N/A   ; None         ; 10.641 ns  ; reg:Areg01|Q[15] ; DR_data[15] ; clk        ;
; N/A   ; None         ; 10.601 ns  ; reg:Areg00|Q[8]  ; SR_data[8]  ; clk        ;
; N/A   ; None         ; 10.589 ns  ; reg:Areg01|Q[13] ; SR_data[13] ; clk        ;
; N/A   ; None         ; 10.526 ns  ; reg:Areg00|Q[15] ; SR_data[15] ; clk        ;
; N/A   ; None         ; 10.459 ns  ; reg:Areg01|Q[3]  ; DR_data[3]  ; clk        ;
; N/A   ; None         ; 10.440 ns  ; reg:Areg01|Q[9]  ; DR_data[9]  ; clk        ;
; N/A   ; None         ; 10.388 ns  ; reg:Areg01|Q[2]  ; SR_data[2]  ; clk        ;
; N/A   ; None         ; 10.388 ns  ; reg:Areg03|Q[7]  ; DR_data[7]  ; clk        ;
; N/A   ; None         ; 10.343 ns  ; reg:Areg02|Q[9]  ; SR_data[9]  ; clk        ;
; N/A   ; None         ; 10.328 ns  ; reg:Areg00|Q[13] ; SR_data[13] ; clk        ;
; N/A   ; None         ; 10.272 ns  ; reg:Areg00|Q[1]  ; SR_data[1]  ; clk        ;
; N/A   ; None         ; 10.262 ns  ; reg:Areg03|Q[12] ; DR_data[12] ; clk        ;
; N/A   ; None         ; 10.182 ns  ; reg:Areg02|Q[5]  ; SR_data[5]  ; clk        ;
; N/A   ; None         ; 10.172 ns  ; reg:Areg02|Q[1]  ; SR_data[1]  ; clk        ;
; N/A   ; None         ; 10.168 ns  ; reg:Areg01|Q[10] ; SR_data[10] ; clk        ;
; N/A   ; None         ; 10.168 ns  ; reg:Areg01|Q[0]  ; SR_data[0]  ; clk        ;
; N/A   ; None         ; 10.164 ns  ; reg:Areg03|Q[15] ; DR_data[15] ; clk        ;
; N/A   ; None         ; 10.132 ns  ; reg:Areg01|Q[14] ; SR_data[14] ; clk        ;
; N/A   ; None         ; 10.129 ns  ; reg:Areg03|Q[8]  ; DR_data[8]  ; clk        ;
; N/A   ; None         ; 10.125 ns  ; reg:Areg02|Q[4]  ; DR_data[4]  ; clk        ;
; N/A   ; None         ; 10.113 ns  ; reg:Areg02|Q[11] ; SR_data[11] ; clk        ;
; N/A   ; None         ; 10.095 ns  ; reg:Areg03|Q[1]  ; DR_data[1]  ; clk        ;
; N/A   ; None         ; 10.079 ns  ; reg:Areg02|Q[13] ; SR_data[13] ; clk        ;
; N/A   ; None         ; 10.064 ns  ; reg:Areg02|Q[7]  ; SR_data[7]  ; clk        ;
; N/A   ; None         ; 10.063 ns  ; reg:Areg01|Q[12] ; SR_data[12] ; clk        ;
; N/A   ; None         ; 10.050 ns  ; reg:Areg02|Q[15] ; SR_data[15] ; clk        ;
; N/A   ; None         ; 10.046 ns  ; reg:Areg01|Q[5]  ; DR_data[5]  ; clk        ;
; N/A   ; None         ; 10.020 ns  ; reg:Areg03|Q[4]  ; DR_data[4]  ; clk        ;
; N/A   ; None         ; 9.963 ns   ; reg:Areg03|Q[14] ; DR_data[14] ; clk        ;
; N/A   ; None         ; 9.902 ns   ; reg:Areg01|Q[6]  ; SR_data[6]  ; clk        ;
; N/A   ; None         ; 9.880 ns   ; reg:Areg00|Q[2]  ; SR_data[2]  ; clk        ;
; N/A   ; None         ; 9.870 ns   ; reg:Areg03|Q[9]  ; DR_data[9]  ; clk        ;
; N/A   ; None         ; 9.841 ns   ; reg:Areg01|Q[8]  ; SR_data[8]  ; clk        ;
; N/A   ; None         ; 9.812 ns   ; reg:Areg03|Q[10] ; DR_data[10] ; clk        ;
; N/A   ; None         ; 9.795 ns   ; reg:Areg00|Q[3]  ; SR_data[3]  ; clk        ;
; N/A   ; None         ; 9.752 ns   ; reg:Areg03|Q[6]  ; DR_data[6]  ; clk        ;
; N/A   ; None         ; 9.691 ns   ; reg:Areg03|Q[13] ; DR_data[13] ; clk        ;
; N/A   ; None         ; 9.686 ns   ; reg:Areg01|Q[12] ; DR_data[12] ; clk        ;
; N/A   ; None         ; 9.632 ns   ; reg:Areg03|Q[3]  ; DR_data[3]  ; clk        ;
; N/A   ; None         ; 9.611 ns   ; reg:Areg03|Q[5]  ; SR_data[5]  ; clk        ;
; N/A   ; None         ; 9.601 ns   ; reg:Areg03|Q[9]  ; SR_data[9]  ; clk        ;
; N/A   ; None         ; 9.597 ns   ; reg:Areg03|Q[11] ; SR_data[11] ; clk        ;
; N/A   ; None         ; 9.589 ns   ; reg:Areg03|Q[10] ; SR_data[10] ; clk        ;
; N/A   ; None         ; 9.588 ns   ; reg:Areg03|Q[0]  ; SR_data[0]  ; clk        ;
; N/A   ; None         ; 9.584 ns   ; reg:Areg03|Q[2]  ; SR_data[2]  ; clk        ;
; N/A   ; None         ; 9.568 ns   ; reg:Areg03|Q[7]  ; SR_data[7]  ; clk        ;
; N/A   ; None         ; 9.567 ns   ; reg:Areg00|Q[4]  ; SR_data[4]  ; clk        ;
; N/A   ; None         ; 9.561 ns   ; reg:Areg01|Q[10] ; DR_data[10] ; clk        ;
; N/A   ; None         ; 9.559 ns   ; reg:Areg03|Q[14] ; SR_data[14] ; clk        ;
; N/A   ; None         ; 9.548 ns   ; reg:Areg01|Q[8]  ; DR_data[8]  ; clk        ;
; N/A   ; None         ; 9.545 ns   ; reg:Areg03|Q[0]  ; DR_data[0]  ; clk        ;
; N/A   ; None         ; 9.540 ns   ; reg:Areg03|Q[5]  ; DR_data[5]  ; clk        ;
; N/A   ; None         ; 9.538 ns   ; reg:Areg03|Q[2]  ; DR_data[2]  ; clk        ;
; N/A   ; None         ; 9.516 ns   ; reg:Areg01|Q[1]  ; DR_data[1]  ; clk        ;
; N/A   ; None         ; 9.515 ns   ; reg:Areg03|Q[13] ; SR_data[13] ; clk        ;
; N/A   ; None         ; 9.511 ns   ; reg:Areg02|Q[7]  ; DR_data[7]  ; clk        ;
; N/A   ; None         ; 9.439 ns   ; reg:Areg02|Q[13] ; DR_data[13] ; clk        ;
; N/A   ; None         ; 9.422 ns   ; reg:Areg02|Q[15] ; DR_data[15] ; clk        ;
; N/A   ; None         ; 9.386 ns   ; reg:Areg03|Q[11] ; DR_data[11] ; clk        ;
; N/A   ; None         ; 9.383 ns   ; reg:Areg01|Q[14] ; DR_data[14] ; clk        ;
; N/A   ; None         ; 9.323 ns   ; reg:Areg03|Q[6]  ; SR_data[6]  ; clk        ;
; N/A   ; None         ; 9.322 ns   ; reg:Areg03|Q[12] ; SR_data[12] ; clk        ;
; N/A   ; None         ; 9.308 ns   ; reg:Areg03|Q[15] ; SR_data[15] ; clk        ;
; N/A   ; None         ; 9.271 ns   ; reg:Areg03|Q[4]  ; SR_data[4]  ; clk        ;
; N/A   ; None         ; 9.266 ns   ; reg:Areg03|Q[3]  ; SR_data[3]  ; clk        ;
; N/A   ; None         ; 9.260 ns   ; reg:Areg03|Q[8]  ; SR_data[8]  ; clk        ;
; N/A   ; None         ; 9.257 ns   ; reg:Areg03|Q[1]  ; SR_data[1]  ; clk        ;
; N/A   ; None         ; 9.129 ns   ; reg:Areg02|Q[9]  ; DR_data[9]  ; clk        ;
; N/A   ; None         ; 9.126 ns   ; reg:Areg02|Q[11] ; DR_data[11] ; clk        ;
; N/A   ; None         ; 9.013 ns   ; reg:Areg01|Q[4]  ; DR_data[4]  ; clk        ;
; N/A   ; None         ; 9.010 ns   ; reg:Areg01|Q[6]  ; DR_data[6]  ; clk        ;
; N/A   ; None         ; 9.008 ns   ; reg:Areg01|Q[2]  ; DR_data[2]  ; clk        ;
; N/A   ; None         ; 8.973 ns   ; reg:Areg01|Q[0]  ; DR_data[0]  ; clk        ;
; N/A   ; None         ; 8.796 ns   ; reg:Areg02|Q[5]  ; DR_data[5]  ; clk        ;
; N/A   ; None         ; 8.748 ns   ; reg:Areg02|Q[3]  ; DR_data[3]  ; clk        ;
; N/A   ; None         ; 8.700 ns   ; reg:Areg02|Q[1]  ; DR_data[1]  ; clk        ;
+-------+--------------+------------+------------------+-------------+------------+


+-------------------------------------------------------------------+
; tpd                                                               ;
+-------+-------------------+-----------------+-------+-------------+
; Slack ; Required P2P Time ; Actual P2P Time ; From  ; To          ;
+-------+-------------------+-----------------+-------+-------------+
; N/A   ; None              ; 16.360 ns       ; SR[1] ; SR_data[11] ;
; N/A   ; None              ; 16.293 ns       ; SR[1] ; SR_data[9]  ;
; N/A   ; None              ; 16.154 ns       ; DR[0] ; DR_data[8]  ;
; N/A   ; None              ; 16.090 ns       ; DR[0] ; DR_data[7]  ;
; N/A   ; None              ; 16.034 ns       ; DR[1] ; DR_data[8]  ;
; N/A   ; None              ; 15.977 ns       ; DR[0] ; DR_data[10] ;
; N/A   ; None              ; 15.969 ns       ; SR[1] ; SR_data[14] ;
; N/A   ; None              ; 15.894 ns       ; DR[1] ; DR_data[7]  ;
; N/A   ; None              ; 15.887 ns       ; SR[1] ; SR_data[7]  ;
; N/A   ; None              ; 15.868 ns       ; DR[1] ; DR_data[10] ;
; N/A   ; None              ; 15.862 ns       ; DR[0] ; DR_data[0]  ;
; N/A   ; None              ; 15.782 ns       ; SR[0] ; SR_data[14] ;
; N/A   ; None              ; 15.763 ns       ; DR[0] ; DR_data[6]  ;
; N/A   ; None              ; 15.762 ns       ; SR[1] ; SR_data[12] ;
; N/A   ; None              ; 15.730 ns       ; DR[1] ; DR_data[0]  ;
; N/A   ; None              ; 15.716 ns       ; SR[1] ; SR_data[10] ;
; N/A   ; None              ; 15.700 ns       ; SR[0] ; SR_data[7]  ;
; N/A   ; None              ; 15.689 ns       ; DR[0] ; DR_data[12] ;
; N/A   ; None              ; 15.639 ns       ; DR[1] ; DR_data[6]  ;
; N/A   ; None              ; 15.586 ns       ; SR[1] ; SR_data[15] ;
; N/A   ; None              ; 15.577 ns       ; SR[0] ; SR_data[12] ;
; N/A   ; None              ; 15.563 ns       ; DR[1] ; DR_data[13] ;
; N/A   ; None              ; 15.519 ns       ; DR[1] ; DR_data[11] ;
; N/A   ; None              ; 15.467 ns       ; SR[1] ; SR_data[6]  ;
; N/A   ; None              ; 15.454 ns       ; SR[0] ; SR_data[11] ;
; N/A   ; None              ; 15.448 ns       ; DR[0] ; DR_data[2]  ;
; N/A   ; None              ; 15.427 ns       ; DR[1] ; DR_data[12] ;
; N/A   ; None              ; 15.426 ns       ; SR[0] ; SR_data[10] ;
; N/A   ; None              ; 15.398 ns       ; DR[0] ; DR_data[14] ;
; N/A   ; None              ; 15.393 ns       ; SR[1] ; SR_data[13] ;
; N/A   ; None              ; 15.390 ns       ; SR[0] ; SR_data[9]  ;
; N/A   ; None              ; 15.385 ns       ; SR[1] ; SR_data[8]  ;
; N/A   ; None              ; 15.373 ns       ; DR[0] ; DR_data[11] ;
; N/A   ; None              ; 15.371 ns       ; DR[0] ; DR_data[3]  ;
; N/A   ; None              ; 15.336 ns       ; DR[1] ; DR_data[2]  ;
; N/A   ; None              ; 15.277 ns       ; SR[0] ; SR_data[6]  ;
; N/A   ; None              ; 15.229 ns       ; DR[1] ; DR_data[15] ;
; N/A   ; None              ; 15.228 ns       ; SR[0] ; SR_data[0]  ;
; N/A   ; None              ; 15.214 ns       ; SR[0] ; SR_data[5]  ;
; N/A   ; None              ; 15.197 ns       ; SR[0] ; SR_data[8]  ;
; N/A   ; None              ; 15.174 ns       ; DR[1] ; DR_data[3]  ;
; N/A   ; None              ; 15.068 ns       ; DR[0] ; DR_data[15] ;
; N/A   ; None              ; 15.030 ns       ; SR[1] ; SR_data[0]  ;
; N/A   ; None              ; 15.016 ns       ; SR[1] ; SR_data[5]  ;
; N/A   ; None              ; 14.967 ns       ; DR[0] ; DR_data[5]  ;
; N/A   ; None              ; 14.938 ns       ; DR[1] ; DR_data[14] ;
; N/A   ; None              ; 14.919 ns       ; DR[0] ; DR_data[4]  ;
; N/A   ; None              ; 14.903 ns       ; DR[0] ; DR_data[13] ;
; N/A   ; None              ; 14.876 ns       ; DR[0] ; DR_data[9]  ;
; N/A   ; None              ; 14.792 ns       ; DR[1] ; DR_data[4]  ;
; N/A   ; None              ; 14.771 ns       ; DR[1] ; DR_data[5]  ;
; N/A   ; None              ; 14.685 ns       ; SR[0] ; SR_data[15] ;
; N/A   ; None              ; 14.661 ns       ; SR[0] ; SR_data[1]  ;
; N/A   ; None              ; 14.660 ns       ; DR[1] ; DR_data[9]  ;
; N/A   ; None              ; 14.488 ns       ; SR[0] ; SR_data[13] ;
; N/A   ; None              ; 14.462 ns       ; SR[1] ; SR_data[1]  ;
; N/A   ; None              ; 14.425 ns       ; DR[0] ; DR_data[1]  ;
; N/A   ; None              ; 14.271 ns       ; SR[0] ; SR_data[2]  ;
; N/A   ; None              ; 14.228 ns       ; DR[1] ; DR_data[1]  ;
; N/A   ; None              ; 14.194 ns       ; SR[0] ; SR_data[3]  ;
; N/A   ; None              ; 14.067 ns       ; SR[1] ; SR_data[2]  ;
; N/A   ; None              ; 13.998 ns       ; SR[1] ; SR_data[3]  ;
; N/A   ; None              ; 13.966 ns       ; SR[0] ; SR_data[4]  ;
; N/A   ; None              ; 13.312 ns       ; SR[1] ; SR_data[4]  ;
+-------+-------------------+-----------------+-------+-------------+


+-------------------------------------------------------------------------------------------------------------------------------------------------------+
; th                                                                                                                                                    ;
+-----------------------------------------+-----------------------------------------------------+-----------+-------------+------------------+----------+
; Minimum Slack                           ; Required th                                         ; Actual th ; From        ; To               ; To Clock ;
+-----------------------------------------+-----------------------------------------------------+-----------+-------------+------------------+----------+
; N/A                                     ; None                                                ; -3.712 ns ; d_input[8]  ; reg:Areg02|Q[8]  ; clk      ;
; N/A                                     ; None                                                ; -3.739 ns ; d_input[8]  ; reg:Areg00|Q[8]  ; clk      ;
; N/A                                     ; None                                                ; -3.740 ns ; d_input[11] ; reg:Areg00|Q[11] ; clk      ;
; N/A                                     ; None                                                ; -3.745 ns ; d_input[11] ; reg:Areg01|Q[11] ; clk      ;
; N/A                                     ; None                                                ; -3.751 ns ; d_input[11] ; reg:Areg03|Q[11] ; clk      ;
; N/A                                     ; None                                                ; -3.751 ns ; d_input[11] ; reg:Areg02|Q[11] ; clk      ;
; N/A                                     ; None                                                ; -3.755 ns ; d_input[8]  ; reg:Areg03|Q[8]  ; clk      ;
; N/A                                     ; None                                                ; -3.756 ns ; d_input[8]  ; reg:Areg01|Q[8]  ; clk      ;
; N/A                                     ; None                                                ; -3.762 ns ; d_input[9]  ; reg:Areg01|Q[9]  ; clk      ;
; N/A                                     ; None                                                ; -3.764 ns ; d_input[9]  ; reg:Areg00|Q[9]  ; clk      ;
; N/A                                     ; None                                                ; -3.772 ns ; d_input[9]  ; reg:Areg03|Q[9]  ; clk      ;
; N/A                                     ; None                                                ; -3.772 ns ; d_input[9]  ; reg:Areg02|Q[9]  ; clk      ;
; N/A                                     ; None                                                ; -4.036 ns ; d_input[4]  ; reg:Areg01|Q[4]  ; clk      ;
; N/A                                     ; None                                                ; -4.058 ns ; d_input[13] ; reg:Areg00|Q[13] ; clk      ;
; N/A                                     ; None                                                ; -4.060 ns ; d_input[13] ; reg:Areg01|Q[13] ; clk      ;
; N/A                                     ; None                                                ; -4.063 ns ; d_input[6]  ; reg:Areg02|Q[6]  ; clk      ;
; N/A                                     ; None                                                ; -4.065 ns ; d_input[5]  ; reg:Areg00|Q[5]  ; clk      ;
; N/A                                     ; None                                                ; -4.068 ns ; d_input[6]  ; reg:Areg01|Q[6]  ; clk      ;
; N/A                                     ; None                                                ; -4.069 ns ; d_input[6]  ; reg:Areg03|Q[6]  ; clk      ;
; N/A                                     ; None                                                ; -4.071 ns ; d_input[10] ; reg:Areg00|Q[10] ; clk      ;
; N/A                                     ; None                                                ; -4.072 ns ; d_input[12] ; reg:Areg03|Q[12] ; clk      ;
; N/A                                     ; None                                                ; -4.072 ns ; d_input[7]  ; reg:Areg00|Q[7]  ; clk      ;
; N/A                                     ; None                                                ; -4.073 ns ; d_input[12] ; reg:Areg01|Q[12] ; clk      ;
; N/A                                     ; None                                                ; -4.073 ns ; d_input[7]  ; reg:Areg02|Q[7]  ; clk      ;
; N/A                                     ; None                                                ; -4.075 ns ; d_input[15] ; reg:Areg00|Q[15] ; clk      ;
; N/A                                     ; None                                                ; -4.077 ns ; d_input[6]  ; reg:Areg00|Q[6]  ; clk      ;
; N/A                                     ; None                                                ; -4.080 ns ; d_input[15] ; reg:Areg01|Q[15] ; clk      ;
; N/A                                     ; None                                                ; -4.101 ns ; d_input[10] ; reg:Areg03|Q[10] ; clk      ;
; N/A                                     ; None                                                ; -4.101 ns ; d_input[10] ; reg:Areg01|Q[10] ; clk      ;
; N/A                                     ; None                                                ; -4.112 ns ; d_input[12] ; reg:Areg00|Q[12] ; clk      ;
; N/A                                     ; None                                                ; -4.112 ns ; d_input[12] ; reg:Areg02|Q[12] ; clk      ;
; N/A                                     ; None                                                ; -4.331 ns ; d_input[14] ; reg:Areg00|Q[14] ; clk      ;
; N/A                                     ; None                                                ; -4.333 ns ; d_input[14] ; reg:Areg02|Q[14] ; clk      ;
; N/A                                     ; None                                                ; -4.339 ns ; d_input[7]  ; reg:Areg03|Q[7]  ; clk      ;
; N/A                                     ; None                                                ; -4.383 ns ; d_input[5]  ; reg:Areg01|Q[5]  ; clk      ;
; N/A                                     ; None                                                ; -4.383 ns ; d_input[4]  ; reg:Areg00|Q[4]  ; clk      ;
; N/A                                     ; None                                                ; -4.384 ns ; d_input[4]  ; reg:Areg03|Q[4]  ; clk      ;
; N/A                                     ; None                                                ; -4.392 ns ; d_input[10] ; reg:Areg02|Q[10] ; clk      ;
; N/A                                     ; None                                                ; -4.398 ns ; d_input[13] ; reg:Areg03|Q[13] ; clk      ;
; N/A                                     ; None                                                ; -4.401 ns ; d_input[13] ; reg:Areg02|Q[13] ; clk      ;
; N/A                                     ; None                                                ; -4.417 ns ; d_input[5]  ; reg:Areg02|Q[5]  ; clk      ;
; N/A                                     ; None                                                ; -4.421 ns ; d_input[5]  ; reg:Areg03|Q[5]  ; clk      ;
; N/A                                     ; None                                                ; -4.442 ns ; d_input[15] ; reg:Areg03|Q[15] ; clk      ;
; N/A                                     ; None                                                ; -4.445 ns ; d_input[15] ; reg:Areg02|Q[15] ; clk      ;
; N/A                                     ; None                                                ; -4.781 ns ; d_input[14] ; reg:Areg03|Q[14] ; clk      ;
; N/A                                     ; None                                                ; -4.784 ns ; d_input[4]  ; reg:Areg02|Q[4]  ; clk      ;
; N/A                                     ; None                                                ; -4.787 ns ; d_input[14] ; reg:Areg01|Q[14] ; clk      ;
; N/A                                     ; None                                                ; -4.835 ns ; d_input[7]  ; reg:Areg01|Q[7]  ; clk      ;
; N/A                                     ; None                                                ; -4.849 ns ; d_input[3]  ; reg:Areg00|Q[3]  ; clk      ;
; N/A                                     ; None                                                ; -4.852 ns ; d_input[3]  ; reg:Areg03|Q[3]  ; clk      ;
; N/A                                     ; None                                                ; -4.860 ns ; d_input[2]  ; reg:Areg03|Q[2]  ; clk      ;
; N/A                                     ; None                                                ; -4.861 ns ; d_input[2]  ; reg:Areg00|Q[2]  ; clk      ;
; N/A                                     ; None                                                ; -4.948 ns ; d_input[1]  ; reg:Areg00|Q[1]  ; clk      ;
; N/A                                     ; None                                                ; -4.956 ns ; d_input[1]  ; reg:Areg03|Q[1]  ; clk      ;
; N/A                                     ; None                                                ; -5.149 ns ; d_input[3]  ; reg:Areg01|Q[3]  ; clk      ;
; N/A                                     ; None                                                ; -5.171 ns ; d_input[3]  ; reg:Areg02|Q[3]  ; clk      ;
; N/A                                     ; None                                                ; -5.198 ns ; d_input[0]  ; reg:Areg00|Q[0]  ; clk      ;
; N/A                                     ; None                                                ; -5.223 ns ; d_input[1]  ; reg:Areg01|Q[1]  ; clk      ;
; N/A                                     ; None                                                ; -5.233 ns ; d_input[0]  ; reg:Areg03|Q[0]  ; clk      ;
; N/A                                     ; None                                                ; -5.233 ns ; d_input[0]  ; reg:Areg01|Q[0]  ; clk      ;
; N/A                                     ; None                                                ; -5.270 ns ; d_input[1]  ; reg:Areg02|Q[1]  ; clk      ;
; N/A                                     ; None                                                ; -5.575 ns ; d_input[2]  ; reg:Areg02|Q[2]  ; clk      ;
; N/A                                     ; None                                                ; -5.602 ns ; d_input[0]  ; reg:Areg02|Q[0]  ; clk      ;
; N/A                                     ; None                                                ; -5.857 ns ; DR[0]       ; reg:Areg00|Q[9]  ; clk      ;
; N/A                                     ; None                                                ; -5.857 ns ; DR[0]       ; reg:Areg00|Q[11] ; clk      ;
; N/A                                     ; None                                                ; -5.857 ns ; DR[0]       ; reg:Areg00|Q[13] ; clk      ;
; N/A                                     ; None                                                ; -5.857 ns ; DR[0]       ; reg:Areg00|Q[15] ; clk      ;
; N/A                                     ; None                                                ; -5.952 ns ; DRWr        ; reg:Areg00|Q[9]  ; clk      ;
; N/A                                     ; None                                                ; -5.952 ns ; DRWr        ; reg:Areg00|Q[11] ; clk      ;
; N/A                                     ; None                                                ; -5.952 ns ; DRWr        ; reg:Areg00|Q[13] ; clk      ;
; N/A                                     ; None                                                ; -5.952 ns ; DRWr        ; reg:Areg00|Q[15] ; clk      ;
; N/A                                     ; None                                                ; -6.040 ns ; d_input[2]  ; reg:Areg01|Q[2]  ; clk      ;
; N/A                                     ; None                                                ; -6.145 ns ; DR[0]       ; reg:Areg02|Q[13] ; clk      ;
; N/A                                     ; None                                                ; -6.232 ns ; DRWr        ; reg:Areg02|Q[13] ; clk      ;
; N/A                                     ; None                                                ; -6.506 ns ; DR[1]       ; reg:Areg00|Q[9]  ; clk      ;
; N/A                                     ; None                                                ; -6.506 ns ; DR[1]       ; reg:Areg00|Q[11] ; clk      ;
; N/A                                     ; None                                                ; -6.506 ns ; DR[1]       ; reg:Areg00|Q[13] ; clk      ;
; N/A                                     ; None                                                ; -6.506 ns ; DR[1]       ; reg:Areg00|Q[15] ; clk      ;
; N/A                                     ; None                                                ; -6.546 ns ; DR[0]       ; reg:Areg01|Q[0]  ; clk      ;
; N/A                                     ; None                                                ; -6.546 ns ; DR[0]       ; reg:Areg01|Q[1]  ; clk      ;
; N/A                                     ; None                                                ; -6.546 ns ; DR[0]       ; reg:Areg01|Q[3]  ; clk      ;
; N/A                                     ; None                                                ; -6.546 ns ; DR[0]       ; reg:Areg01|Q[5]  ; clk      ;
; N/A                                     ; None                                                ; -6.546 ns ; DR[0]       ; reg:Areg01|Q[7]  ; clk      ;
; N/A                                     ; None                                                ; -6.546 ns ; DR[0]       ; reg:Areg01|Q[14] ; clk      ;
; N/A                                     ; None                                                ; -6.567 ns ; DR[0]       ; reg:Areg00|Q[6]  ; clk      ;
; N/A                                     ; None                                                ; -6.567 ns ; DR[0]       ; reg:Areg00|Q[7]  ; clk      ;
; N/A                                     ; None                                                ; -6.567 ns ; DR[0]       ; reg:Areg00|Q[8]  ; clk      ;
; N/A                                     ; None                                                ; -6.567 ns ; DR[0]       ; reg:Areg00|Q[10] ; clk      ;
; N/A                                     ; None                                                ; -6.567 ns ; DR[0]       ; reg:Areg00|Q[12] ; clk      ;
; N/A                                     ; None                                                ; -6.567 ns ; DR[0]       ; reg:Areg00|Q[14] ; clk      ;
; N/A                                     ; None                                                ; -6.587 ns ; DR[0]       ; reg:Areg02|Q[7]  ; clk      ;
; N/A                                     ; None                                                ; -6.587 ns ; DR[0]       ; reg:Areg02|Q[12] ; clk      ;
; N/A                                     ; None                                                ; -6.587 ns ; DR[0]       ; reg:Areg02|Q[14] ; clk      ;
; N/A                                     ; None                                                ; -6.653 ns ; DR[0]       ; reg:Areg02|Q[0]  ; clk      ;
; N/A                                     ; None                                                ; -6.653 ns ; DR[0]       ; reg:Areg02|Q[2]  ; clk      ;
; N/A                                     ; None                                                ; -6.653 ns ; DR[0]       ; reg:Areg02|Q[4]  ; clk      ;
; N/A                                     ; None                                                ; -6.653 ns ; DR[0]       ; reg:Areg02|Q[6]  ; clk      ;
; N/A                                     ; None                                                ; -6.653 ns ; DR[0]       ; reg:Areg02|Q[8]  ; clk      ;
; N/A                                     ; None                                                ; -6.653 ns ; DR[0]       ; reg:Areg02|Q[10] ; clk      ;
; N/A                                     ; None                                                ; -6.653 ns ; DR[0]       ; reg:Areg02|Q[15] ; clk      ;
; N/A                                     ; None                                                ; -6.662 ns ; DRWr        ; reg:Areg00|Q[6]  ; clk      ;
; N/A                                     ; None                                                ; -6.662 ns ; DRWr        ; reg:Areg00|Q[7]  ; clk      ;
; N/A                                     ; None                                                ; -6.662 ns ; DRWr        ; reg:Areg00|Q[8]  ; clk      ;
; N/A                                     ; None                                                ; -6.662 ns ; DRWr        ; reg:Areg00|Q[10] ; clk      ;
; N/A                                     ; None                                                ; -6.662 ns ; DRWr        ; reg:Areg00|Q[12] ; clk      ;
; N/A                                     ; None                                                ; -6.662 ns ; DRWr        ; reg:Areg00|Q[14] ; clk      ;
; N/A                                     ; None                                                ; -6.662 ns ; DR[0]       ; reg:Areg02|Q[1]  ; clk      ;
; N/A                                     ; None                                                ; -6.662 ns ; DR[0]       ; reg:Areg02|Q[3]  ; clk      ;
; N/A                                     ; None                                                ; -6.662 ns ; DR[0]       ; reg:Areg02|Q[5]  ; clk      ;
; N/A                                     ; None                                                ; -6.662 ns ; DR[0]       ; reg:Areg02|Q[9]  ; clk      ;
; N/A                                     ; None                                                ; -6.662 ns ; DR[0]       ; reg:Areg02|Q[11] ; clk      ;
; N/A                                     ; None                                                ; -6.674 ns ; DRWr        ; reg:Areg02|Q[7]  ; clk      ;
; N/A                                     ; None                                                ; -6.674 ns ; DRWr        ; reg:Areg02|Q[12] ; clk      ;
; N/A                                     ; None                                                ; -6.674 ns ; DRWr        ; reg:Areg02|Q[14] ; clk      ;
; N/A                                     ; None                                                ; -6.740 ns ; DRWr        ; reg:Areg02|Q[0]  ; clk      ;
; N/A                                     ; None                                                ; -6.740 ns ; DRWr        ; reg:Areg02|Q[2]  ; clk      ;
; N/A                                     ; None                                                ; -6.740 ns ; DRWr        ; reg:Areg02|Q[4]  ; clk      ;
; N/A                                     ; None                                                ; -6.740 ns ; DRWr        ; reg:Areg02|Q[6]  ; clk      ;
; N/A                                     ; None                                                ; -6.740 ns ; DRWr        ; reg:Areg02|Q[8]  ; clk      ;
; N/A                                     ; None                                                ; -6.740 ns ; DRWr        ; reg:Areg02|Q[10] ; clk      ;
; N/A                                     ; None                                                ; -6.740 ns ; DRWr        ; reg:Areg02|Q[15] ; clk      ;
; N/A                                     ; None                                                ; -6.749 ns ; DRWr        ; reg:Areg02|Q[1]  ; clk      ;
; N/A                                     ; None                                                ; -6.749 ns ; DRWr        ; reg:Areg02|Q[3]  ; clk      ;
; N/A                                     ; None                                                ; -6.749 ns ; DRWr        ; reg:Areg02|Q[5]  ; clk      ;
; N/A                                     ; None                                                ; -6.749 ns ; DRWr        ; reg:Areg02|Q[9]  ; clk      ;
; N/A                                     ; None                                                ; -6.749 ns ; DRWr        ; reg:Areg02|Q[11] ; clk      ;
; N/A                                     ; None                                                ; -6.760 ns ; DRWr        ; reg:Areg01|Q[0]  ; clk      ;
; N/A                                     ; None                                                ; -6.760 ns ; DRWr        ; reg:Areg01|Q[1]  ; clk      ;
; N/A                                     ; None                                                ; -6.760 ns ; DRWr        ; reg:Areg01|Q[3]  ; clk      ;
; N/A                                     ; None                                                ; -6.760 ns ; DRWr        ; reg:Areg01|Q[5]  ; clk      ;
; N/A                                     ; None                                                ; -6.760 ns ; DRWr        ; reg:Areg01|Q[7]  ; clk      ;
; N/A                                     ; None                                                ; -6.760 ns ; DRWr        ; reg:Areg01|Q[14] ; clk      ;
; N/A                                     ; None                                                ; -6.782 ns ; DR[1]       ; reg:Areg02|Q[13] ; clk      ;
; N/A                                     ; None                                                ; -6.863 ns ; DR[0]       ; reg:Areg03|Q[5]  ; clk      ;
; N/A                                     ; None                                                ; -6.863 ns ; DR[0]       ; reg:Areg03|Q[9]  ; clk      ;
; N/A                                     ; None                                                ; -6.863 ns ; DR[0]       ; reg:Areg03|Q[11] ; clk      ;
; N/A                                     ; None                                                ; -7.010 ns ; DR[0]       ; reg:Areg00|Q[0]  ; clk      ;
; N/A                                     ; None                                                ; -7.010 ns ; DR[0]       ; reg:Areg00|Q[1]  ; clk      ;
; N/A                                     ; None                                                ; -7.010 ns ; DR[0]       ; reg:Areg00|Q[2]  ; clk      ;
; N/A                                     ; None                                                ; -7.010 ns ; DR[0]       ; reg:Areg00|Q[3]  ; clk      ;
; N/A                                     ; None                                                ; -7.010 ns ; DR[0]       ; reg:Areg00|Q[4]  ; clk      ;
; N/A                                     ; None                                                ; -7.010 ns ; DR[0]       ; reg:Areg00|Q[5]  ; clk      ;
; N/A                                     ; None                                                ; -7.078 ns ; DRWr        ; reg:Areg03|Q[5]  ; clk      ;
; N/A                                     ; None                                                ; -7.078 ns ; DRWr        ; reg:Areg03|Q[9]  ; clk      ;
; N/A                                     ; None                                                ; -7.078 ns ; DRWr        ; reg:Areg03|Q[11] ; clk      ;
; N/A                                     ; None                                                ; -7.105 ns ; DRWr        ; reg:Areg00|Q[0]  ; clk      ;
; N/A                                     ; None                                                ; -7.105 ns ; DRWr        ; reg:Areg00|Q[1]  ; clk      ;
; N/A                                     ; None                                                ; -7.105 ns ; DRWr        ; reg:Areg00|Q[2]  ; clk      ;
; N/A                                     ; None                                                ; -7.105 ns ; DRWr        ; reg:Areg00|Q[3]  ; clk      ;
; N/A                                     ; None                                                ; -7.105 ns ; DRWr        ; reg:Areg00|Q[4]  ; clk      ;
; N/A                                     ; None                                                ; -7.105 ns ; DRWr        ; reg:Areg00|Q[5]  ; clk      ;
; N/A                                     ; None                                                ; -7.117 ns ; DR[1]       ; reg:Areg01|Q[0]  ; clk      ;
; N/A                                     ; None                                                ; -7.117 ns ; DR[1]       ; reg:Areg01|Q[1]  ; clk      ;
; N/A                                     ; None                                                ; -7.117 ns ; DR[1]       ; reg:Areg01|Q[3]  ; clk      ;
; N/A                                     ; None                                                ; -7.117 ns ; DR[1]       ; reg:Areg01|Q[5]  ; clk      ;
; N/A                                     ; None                                                ; -7.117 ns ; DR[1]       ; reg:Areg01|Q[7]  ; clk      ;
; N/A                                     ; None                                                ; -7.117 ns ; DR[1]       ; reg:Areg01|Q[14] ; clk      ;
; N/A                                     ; None                                                ; -7.216 ns ; DR[1]       ; reg:Areg00|Q[6]  ; clk      ;
; N/A                                     ; None                                                ; -7.216 ns ; DR[1]       ; reg:Areg00|Q[7]  ; clk      ;
; N/A                                     ; None                                                ; -7.216 ns ; DR[1]       ; reg:Areg00|Q[8]  ; clk      ;
; N/A                                     ; None                                                ; -7.216 ns ; DR[1]       ; reg:Areg00|Q[10] ; clk      ;
; N/A                                     ; None                                                ; -7.216 ns ; DR[1]       ; reg:Areg00|Q[12] ; clk      ;
; N/A                                     ; None                                                ; -7.216 ns ; DR[1]       ; reg:Areg00|Q[14] ; clk      ;
; N/A                                     ; None                                                ; -7.224 ns ; DR[1]       ; reg:Areg02|Q[7]  ; clk      ;
; N/A                                     ; None                                                ; -7.224 ns ; DR[1]       ; reg:Areg02|Q[12] ; clk      ;
; N/A                                     ; None                                                ; -7.224 ns ; DR[1]       ; reg:Areg02|Q[14] ; clk      ;
; N/A                                     ; None                                                ; -7.240 ns ; DR[0]       ; reg:Areg01|Q[2]  ; clk      ;
; N/A                                     ; None                                                ; -7.240 ns ; DR[0]       ; reg:Areg01|Q[6]  ; clk      ;
; N/A                                     ; None                                                ; -7.240 ns ; DR[0]       ; reg:Areg01|Q[8]  ; clk      ;
; N/A                                     ; None                                                ; -7.240 ns ; DR[0]       ; reg:Areg01|Q[10] ; clk      ;
; N/A                                     ; None                                                ; -7.240 ns ; DR[0]       ; reg:Areg01|Q[12] ; clk      ;
; N/A                                     ; None                                                ; -7.258 ns ; DR[0]       ; reg:Areg03|Q[1]  ; clk      ;
; N/A                                     ; None                                                ; -7.258 ns ; DR[0]       ; reg:Areg03|Q[2]  ; clk      ;
; N/A                                     ; None                                                ; -7.258 ns ; DR[0]       ; reg:Areg03|Q[3]  ; clk      ;
; N/A                                     ; None                                                ; -7.258 ns ; DR[0]       ; reg:Areg03|Q[4]  ; clk      ;
; N/A                                     ; None                                                ; -7.290 ns ; DR[1]       ; reg:Areg02|Q[0]  ; clk      ;
; N/A                                     ; None                                                ; -7.290 ns ; DR[1]       ; reg:Areg02|Q[2]  ; clk      ;
; N/A                                     ; None                                                ; -7.290 ns ; DR[1]       ; reg:Areg02|Q[4]  ; clk      ;
; N/A                                     ; None                                                ; -7.290 ns ; DR[1]       ; reg:Areg02|Q[6]  ; clk      ;
; N/A                                     ; None                                                ; -7.290 ns ; DR[1]       ; reg:Areg02|Q[8]  ; clk      ;
; N/A                                     ; None                                                ; -7.290 ns ; DR[1]       ; reg:Areg02|Q[10] ; clk      ;
; N/A                                     ; None                                                ; -7.290 ns ; DR[1]       ; reg:Areg02|Q[15] ; clk      ;
; N/A                                     ; None                                                ; -7.299 ns ; DR[1]       ; reg:Areg02|Q[1]  ; clk      ;
; N/A                                     ; None                                                ; -7.299 ns ; DR[1]       ; reg:Areg02|Q[3]  ; clk      ;
; N/A                                     ; None                                                ; -7.299 ns ; DR[1]       ; reg:Areg02|Q[5]  ; clk      ;
; N/A                                     ; None                                                ; -7.299 ns ; DR[1]       ; reg:Areg02|Q[9]  ; clk      ;
; N/A                                     ; None                                                ; -7.299 ns ; DR[1]       ; reg:Areg02|Q[11] ; clk      ;
; N/A                                     ; None                                                ; -7.376 ns ; DR[0]       ; reg:Areg01|Q[9]  ; clk      ;
; N/A                                     ; None                                                ; -7.376 ns ; DR[0]       ; reg:Areg01|Q[11] ; clk      ;
; N/A                                     ; None                                                ; -7.376 ns ; DR[0]       ; reg:Areg01|Q[13] ; clk      ;
; N/A                                     ; None                                                ; -7.376 ns ; DR[0]       ; reg:Areg01|Q[15] ; clk      ;
; N/A                                     ; None                                                ; -7.390 ns ; DR[0]       ; reg:Areg03|Q[7]  ; clk      ;
; N/A                                     ; None                                                ; -7.390 ns ; DR[0]       ; reg:Areg03|Q[13] ; clk      ;
; N/A                                     ; None                                                ; -7.434 ns ; DR[1]       ; reg:Areg03|Q[5]  ; clk      ;
; N/A                                     ; None                                                ; -7.434 ns ; DR[1]       ; reg:Areg03|Q[9]  ; clk      ;
; N/A                                     ; None                                                ; -7.434 ns ; DR[1]       ; reg:Areg03|Q[11] ; clk      ;
; N/A                                     ; None                                                ; -7.454 ns ; DRWr        ; reg:Areg01|Q[2]  ; clk      ;
; N/A                                     ; None                                                ; -7.454 ns ; DRWr        ; reg:Areg01|Q[6]  ; clk      ;
; N/A                                     ; None                                                ; -7.454 ns ; DRWr        ; reg:Areg01|Q[8]  ; clk      ;
; N/A                                     ; None                                                ; -7.454 ns ; DRWr        ; reg:Areg01|Q[10] ; clk      ;
; Timing analysis restricted to 200 rows. ; To change the limit use Settings (Assignments menu) ;           ;             ;                  ;          ;
+-----------------------------------------+-----------------------------------------------------+-----------+-------------+------------------+----------+


+--------------------------+
; Timing Analyzer Messages ;
+--------------------------+
Info: *******************************************************************
Info: Running Quartus II Timing Analyzer
    Info: Version 5.0 Build 148 04/26/2005 SJ Full Version
    Info: Processing started: Mon Mar 10 16:42:58 2008
Info: Command: quartus_tan --read_settings_files=off --write_settings_files=off regfile -c regfile --timing_analysis_only
Warning: Found pins functioning as undefined clocks and/or memory enables
    Info: Assuming node "clk" is an undefined clock
Info: No valid register-to-register data paths exist for clock "clk"
Info: tsu for register "reg:Areg03|Q[15]" (data pin = "DR[1]", clock pin = "clk") is 9.073 ns
    Info: + Longest pin to register delay is 11.990 ns
        Info: 1: + IC(0.000 ns) + CELL(1.469 ns) = 1.469 ns; Loc. = PIN_15; Fanout = 28; PIN Node = 'DR[1]'
        Info: 2: + IC(6.702 ns) + CELL(0.590 ns) = 8.761 ns; Loc. = LC_X9_Y17_N3; Fanout = 16; COMB Node = 'reg:Areg03|process0~0'
        Info: 3: + IC(2.362 ns) + CELL(0.867 ns) = 11.990 ns; Loc. = LC_X11_Y18_N2; Fanout = 2; REG Node = 'reg:Areg03|Q[15]'
        Info: Total cell delay = 2.926 ns ( 24.40 % )
        Info: Total interconnect delay = 9.064 ns ( 75.60 % )
    Info: + Micro setup delay of destination is 0.037 ns
    Info: - Shortest clock path from clock "clk" to destination register is 2.954 ns
        Info: 1: + IC(0.000 ns) + CELL(1.469 ns) = 1.469 ns; Loc. = PIN_29; Fanout = 64; CLK Node = 'clk'
        Info: 2: + IC(0.774 ns) + CELL(0.711 ns) = 2.954 ns; Loc. = LC_X11_Y18_N2; Fanout = 2; REG Node = 'reg:Areg03|Q[15]'
        Info: Total cell delay = 2.180 ns ( 73.80 % )
        Info: Total interconnect delay = 0.774 ns ( 26.20 % )
Info: tco from clock "clk" to destination pin "SR_data[5]" through register "reg:Areg01|Q[5]" is 12.896 ns
    Info: + Longest clock path from clock "clk" to source register is 2.954 ns
        Info: 1: + IC(0.000 ns) + CELL(1.469 ns) = 1.469 ns; Loc. = PIN_29; Fanout = 64; CLK Node = 'clk'
        Info: 2: + IC(0.774 ns) + CELL(0.711 ns) = 2.954 ns; Loc. = LC_X9_Y17_N7; Fanout = 2; REG Node = 'reg:Areg01|Q[5]'
        Info: Total cell delay = 2.180 ns ( 73.80 % )
        Info: Total interconnect delay = 0.774 ns ( 26.20 % )
    Info: + Micro clock to output delay of source is 0.224 ns
    Info: + Longest register to pin delay is 9.718 ns
        Info: 1: + IC(0.000 ns) + CELL(0.000 ns) = 0.000 ns; Loc. = LC_X9_Y17_N7; Fanout = 2; REG Node = 'reg:Areg01|Q[5]'
        Info: 2: + IC(2.338 ns) + CELL(0.114 ns) = 2.452 ns; Loc. = LC_X11_Y17_N8; Fanout = 1; COMB Node = 'mux_4_to_1:mux2|out_put[5]~222'
        Info: 3: + IC(1.097 ns) + CELL(0.114 ns) = 3.663 ns; Loc. = LC_X8_Y17_N2; Fanout = 1; COMB Node = 'mux_4_to_1:mux2|out_put[5]~223'
        Info: 4: + IC(3.931 ns) + CELL(2.124 ns) = 9.718 ns; Loc. = PIN_163; Fanout = 0; PIN Node = 'SR_data[5]'
        Info: Total cell delay = 2.352 ns ( 24.20 % )
        Info: Total interconnect delay = 7.366 ns ( 75.80 % )
Info: Longest tpd from source pin "SR[1]" to destination pin "SR_data[11]" is 16.360 ns
    Info: 1: + IC(0.000 ns) + CELL(1.469 ns) = 1.469 ns; Loc. = PIN_13; Fanout = 24; PIN Node = 'SR[1]'
    Info: 2: + IC(6.563 ns) + CELL(0.590 ns) = 8.622 ns; Loc. = LC_X8_Y18_N6; Fanout = 1; COMB Node = 'mux_4_to_1:mux2|out_put[11]~234'
    Info: 3: + IC(1.255 ns) + CELL(0.442 ns) = 10.319 ns; Loc. = LC_X8_Y17_N3; Fanout = 1; COMB Node = 'mux_4_to_1:mux2|out_put[11]~235'
    Info: 4: + IC(3.917 ns) + CELL(2.124 ns) = 16.360 ns; Loc. = PIN_177; Fanout = 0; PIN Node = 'SR_data[11]'
    Info: Total cell delay = 4.625 ns ( 28.27 % )
    Info: Total interconnect delay = 11.735 ns ( 71.73 % )
Info: th for register "reg:Areg02|Q[8]" (data pin = "d_input[8]", clock pin = "clk") is -3.712 ns
    Info: + Longest clock path from clock "clk" to destination register is 2.954 ns
        Info: 1: + IC(0.000 ns) + CELL(1.469 ns) = 1.469 ns; Loc. = PIN_29; Fanout = 64; CLK Node = 'clk'
        Info: 2: + IC(0.774 ns) + CELL(0.711 ns) = 2.954 ns; Loc. = LC_X11_Y18_N8; Fanout = 2; REG Node = 'reg:Areg02|Q[8]'
        Info: Total cell delay = 2.180 ns ( 73.80 % )
        Info: Total interconnect delay = 0.774 ns ( 26.20 % )
    Info: + Micro hold delay of destination is 0.015 ns
    Info: - Shortest pin to register delay is 6.681 ns
        Info: 1: + IC(0.000 ns) + CELL(1.475 ns) = 1.475 ns; Loc. = PIN_223; Fanout = 4; PIN Node = 'd_input[8]'
        Info: 2: + IC(5.091 ns) + CELL(0.115 ns) = 6.681 ns; Loc. = LC_X11_Y18_N8; Fanout = 2; REG Node = 'reg:Areg02|Q[8]'
        Info: Total cell delay = 1.590 ns ( 23.80 % )
        Info: Total interconnect delay = 5.091 ns ( 76.20 % )
Info: Quartus II Timing Analyzer was successful. 0 errors, 1 warning
    Info: Processing ended: Mon Mar 10 16:42:58 2008
    Info: Elapsed time: 00:00:00


